Using pre-set license
Built from '2020.2/release' branch; Version is '2020.2.2f1 (068178b99f32) revision 426360'; Using compiler version '192528614'; Build Type 'Release'
OS: 'Windows 10 Pro; OS build 19042.631; Version 2009; 64bit' Language: 'de' Physical Memory: 32650 MB
BatchMode: 1, IsHumanControllingUs: 0, StartBugReporterOnCrash: 0, Is64bit: 1, IsPro: 0

 COMMAND LINE ARGUMENTS:
C:\Program Files\2020.2.2f1\Editor\Unity.exe
-adb2
-batchMode
-noUpm
-name
AssetImportWorker0
-projectPath
C:/Users/patri/Documents/src/codeklavier-ar
-logFile
Logs/AssetImportWorker0.log
-srvPort
50782
Successfully changed project path to: C:/Users/patri/Documents/src/codeklavier-ar
C:/Users/patri/Documents/src/codeklavier-ar
Using Asset Import Pipeline V2.
Refreshing native plugins compatible for Editor in 31.77 ms, found 0 plugins.
Preloading 0 native plugins for Editor in 0.00 ms.
Initialize engine version: 2020.2.2f1 (068178b99f32)
[Subsystems] Discovering subsystems at path C:/Program Files/2020.2.2f1/Editor/Data/Resources/UnitySubsystems
[Subsystems] Discovering subsystems at path C:/Users/patri/Documents/src/codeklavier-ar/Assets
GfxDevice: creating device client; threaded=0
Direct3D:
    Version:  Direct3D 11.0 [level 11.1]
    Renderer: NVIDIA GeForce GTX 1650 (ID=0x1f0a)
    Vendor:   
    VRAM:     3961 MB
    Driver:   27.21.14.6140
Initialize mono
Mono path[0] = 'C:/Program Files/2020.2.2f1/Editor/Data/Managed'
Mono path[1] = 'C:/Program Files/2020.2.2f1/Editor/Data/MonoBleedingEdge/lib/mono/unityjit'
Mono config path = 'C:/Program Files/2020.2.2f1/Editor/Data/MonoBleedingEdge/etc'
Using monoOptions --debugger-agent=transport=dt_socket,embedding=1,server=y,suspend=n,address=127.0.0.1:56244
Begin MonoManager ReloadAssembly
Registering precompiled unity dll's ...
Register platform support module: C:/Program Files/2020.2.2f1/Editor/Data/PlaybackEngines/MacStandaloneSupport/UnityEditor.OSXStandalone.Extensions.dll
Register platform support module: C:/Program Files/2020.2.2f1/Editor/Data/PlaybackEngines/WindowsStandaloneSupport/UnityEditor.WindowsStandalone.Extensions.dll
Register platform support module: C:/Program Files/2020.2.2f1/Editor/Data/PlaybackEngines/LinuxStandaloneSupport/UnityEditor.LinuxStandalone.Extensions.dll
Registered in 0.001782 seconds.
Native extension for LinuxStandalone target not found
Native extension for WindowsStandalone target not found
Native extension for OSXStandalone target not found
Refreshing native plugins compatible for Editor in 26.45 ms, found 0 plugins.
Preloading 0 native plugins for Editor in 0.00 ms.
Invoked RoslynAnalysisRunner static constructor.
RoslynAnalysisRunner will not be running.
RoslynAnalysisRunner has terminated.
Mono: successfully reloaded assembly
- Completed reload, in  1.217 seconds
Platform modules already initialized, skipping
Registering precompiled user dll's ...
Registered in 0.001585 seconds.
Begin MonoManager ReloadAssembly
Native extension for LinuxStandalone target not found
Native extension for WindowsStandalone target not found
Native extension for OSXStandalone target not found
Refreshing native plugins compatible for Editor in 26.76 ms, found 0 plugins.
Preloading 0 native plugins for Editor in 0.00 ms.
Invoked RoslynAnalysisRunner static constructor.
RoslynAnalysisRunner will not be running.
RoslynAnalysisRunner has terminated.
Mono: successfully reloaded assembly
- Completed reload, in  0.565 seconds
Platform modules already initialized, skipping
========================================================================
Worker process is ready to serve import requests
Launched and connected shader compiler UnityShaderCompiler.exe after 0.03 seconds
Refreshing native plugins compatible for Editor in 0.83 ms, found 0 plugins.
Preloading 0 native plugins for Editor in 0.00 ms.
Unloading 1850 Unused Serialized files (Serialized files now loaded: 0)
System memory in use before: 80.8 MB.
System memory in use after: 80.9 MB.

Unloading 38 unused Assets to reduce memory usage. Loaded Objects now: 2277.
Total: 1.853800 ms (FindLiveObjects: 0.219400 ms CreateObjectMapping: 0.047400 ms MarkObjects: 1.520500 ms  DeleteObjects: 0.065700 ms)

========================================================================
Received Import Request.
  path: Assets/Scenes/ARTestbed.unity
  artifactKey: Guid(39b90f02d85aa124ca0cdbb79de68b2c) Importer(815301076,1909f56bfc062723c751e8b465ee728b)
Start importing Assets/Scenes/ARTestbed.unity using Guid(39b90f02d85aa124ca0cdbb79de68b2c) Importer(815301076,1909f56bfc062723c751e8b465ee728b)  -> (artifact id: 'abc79aea73ac12ee8d182cb8a61a021d') in 0.010866 seconds
  Import took 0.013031 seconds .

========================================================================
Received Import Request.
  Time since last request: 1.173539 seconds.
  path: Assets/Scenes/ARTestbed.unity
  artifactKey: Guid(39b90f02d85aa124ca0cdbb79de68b2c) Importer(815301076,1909f56bfc062723c751e8b465ee728b)
Start importing Assets/Scenes/ARTestbed.unity using Guid(39b90f02d85aa124ca0cdbb79de68b2c) Importer(815301076,1909f56bfc062723c751e8b465ee728b)  -> (artifact id: 'abc79aea73ac12ee8d182cb8a61a021d') in 0.002256 seconds
  Import took 0.004569 seconds .

========================================================================
Received Import Request.
  Time since last request: 8.840520 seconds.
  path: Assets/Scenes/TheAR.unity
  artifactKey: Guid(846669191c82213418e8164783580538) Importer(815301076,1909f56bfc062723c751e8b465ee728b)
Start importing Assets/Scenes/TheAR.unity using Guid(846669191c82213418e8164783580538) Importer(815301076,1909f56bfc062723c751e8b465ee728b)  -> (artifact id: '2665c3d3f4d784f5c4341c0ca6afea44') in 0.004907 seconds
  Import took 0.007160 seconds .

========================================================================
Received Prepare
Registering precompiled user dll's ...
Registered in 0.001437 seconds.
Begin MonoManager ReloadAssembly
Native extension for LinuxStandalone target not found
Native extension for WindowsStandalone target not found
Native extension for OSXStandalone target not found
Refreshing native plugins compatible for Editor in 0.58 ms, found 0 plugins.
Preloading 0 native plugins for Editor in 0.00 ms.
Invoked RoslynAnalysisRunner static constructor.
RoslynAnalysisRunner will not be running.
RoslynAnalysisRunner has terminated.
Mono: successfully reloaded assembly
- Completed reload, in  0.592 seconds
Platform modules already initialized, skipping
Refreshing native plugins compatible for Editor in 0.47 ms, found 0 plugins.
Preloading 0 native plugins for Editor in 0.00 ms.
Unloading 1824 Unused Serialized files (Serialized files now loaded: 0)
System memory in use before: 79.6 MB.
System memory in use after: 79.7 MB.

Unloading 29 unused Assets to reduce memory usage. Loaded Objects now: 2280.
Total: 1.703400 ms (FindLiveObjects: 0.198500 ms CreateObjectMapping: 0.061500 ms MarkObjects: 1.386800 ms  DeleteObjects: 0.055900 ms)

AssetImportWorkerClient::OnTransportError - code=2 error=End of file
